{"/Users/sorbet/Desktop/Dev/c-editor/Elephant/back/app/sync/RcloneManager.js": {"path":"/Users/sorbet/Desktop/Dev/c-editor/Elephant/back/app/sync/RcloneManager.js","statementMap":{"0":{"start":{"line":5,"column":4},"end":{"line":5,"column":null}},"1":{"start":{"line":6,"column":4},"end":{"line":6,"column":null}},"2":{"start":{"line":7,"column":4},"end":{"line":7,"column":null}},"3":{"start":{"line":8,"column":4},"end":{"line":8,"column":null}},"4":{"start":{"line":9,"column":4},"end":{"line":9,"column":null}},"5":{"start":{"line":13,"column":4},"end":{"line":13,"column":null}},"6":{"start":{"line":13,"column":34},"end":{"line":13,"column":null}},"7":{"start":{"line":17,"column":4},"end":{"line":17,"column":null}},"8":{"start":{"line":21,"column":4},"end":{"line":23,"column":null}},"9":{"start":{"line":22,"column":6},"end":{"line":22,"column":null}},"10":{"start":{"line":24,"column":24},"end":{"line":24,"column":null}},"11":{"start":{"line":25,"column":4},"end":{"line":27,"column":null}},"12":{"start":{"line":26,"column":6},"end":{"line":26,"column":null}},"13":{"start":{"line":28,"column":19},"end":{"line":28,"column":null}},"14":{"start":{"line":29,"column":4},"end":{"line":41,"column":null}},"15":{"start":{"line":30,"column":21},"end":{"line":30,"column":null}},"16":{"start":{"line":31,"column":6},"end":{"line":31,"column":null}},"17":{"start":{"line":32,"column":6},"end":{"line":37,"column":null}},"18":{"start":{"line":39,"column":6},"end":{"line":39,"column":null}},"19":{"start":{"line":40,"column":6},"end":{"line":40,"column":null}},"20":{"start":{"line":45,"column":19},"end":{"line":45,"column":null}},"21":{"start":{"line":46,"column":4},"end":{"line":46,"column":null}},"22":{"start":{"line":47,"column":4},"end":{"line":47,"column":null}},"23":{"start":{"line":51,"column":4},"end":{"line":57,"column":null}}},"fnMap":{"0":{"name":"(anonymous_0)","decl":{"start":{"line":4,"column":2},"end":{"line":4,"column":13}},"loc":{"start":{"line":4,"column":104},"end":{"line":10,"column":null}},"line":4},"1":{"name":"(anonymous_1)","decl":{"start":{"line":12,"column":2},"end":{"line":12,"column":11}},"loc":{"start":{"line":12,"column":38},"end":{"line":14,"column":null}},"line":12},"2":{"name":"(anonymous_2)","decl":{"start":{"line":16,"column":8},"end":{"line":16,"column":21}},"loc":{"start":{"line":16,"column":24},"end":{"line":18,"column":null}},"line":16},"3":{"name":"(anonymous_3)","decl":{"start":{"line":20,"column":8},"end":{"line":20,"column":11}},"loc":{"start":{"line":20,"column":37},"end":{"line":42,"column":null}},"line":20},"4":{"name":"(anonymous_4)","decl":{"start":{"line":44,"column":8},"end":{"line":44,"column":15}},"loc":{"start":{"line":44,"column":18},"end":{"line":48,"column":null}},"line":44},"5":{"name":"(anonymous_5)","decl":{"start":{"line":50,"column":2},"end":{"line":50,"column":8}},"loc":{"start":{"line":50,"column":11},"end":{"line":58,"column":null}},"line":50}},"branchMap":{"0":{"loc":{"start":{"line":4,"column":14},"end":{"line":4,"column":102}},"type":"default-arg","locations":[{"start":{"line":4,"column":100},"end":{"line":4,"column":102}}],"line":4},"1":{"loc":{"start":{"line":4,"column":16},"end":{"line":4,"column":31}},"type":"default-arg","locations":[{"start":{"line":4,"column":29},"end":{"line":4,"column":31}}],"line":4},"2":{"loc":{"start":{"line":4,"column":33},"end":{"line":4,"column":48}},"type":"default-arg","locations":[{"start":{"line":4,"column":44},"end":{"line":4,"column":48}}],"line":4},"3":{"loc":{"start":{"line":4,"column":50},"end":{"line":4,"column":95}},"type":"default-arg","locations":[{"start":{"line":4,"column":61},"end":{"line":4,"column":95}}],"line":4},"4":{"loc":{"start":{"line":4,"column":61},"end":{"line":4,"column":95}},"type":"binary-expr","locations":[{"start":{"line":4,"column":61},"end":{"line":4,"column":89}},{"start":{"line":4,"column":93},"end":{"line":4,"column":95}}],"line":4},"5":{"loc":{"start":{"line":12,"column":12},"end":{"line":12,"column":36}},"type":"default-arg","locations":[{"start":{"line":12,"column":34},"end":{"line":12,"column":36}}],"line":12},"6":{"loc":{"start":{"line":12,"column":14},"end":{"line":12,"column":29}},"type":"default-arg","locations":[{"start":{"line":12,"column":27},"end":{"line":12,"column":29}}],"line":12},"7":{"loc":{"start":{"line":13,"column":4},"end":{"line":13,"column":null}},"type":"if","locations":[{"start":{"line":13,"column":4},"end":{"line":13,"column":null}},{"start":{},"end":{}}],"line":13},"8":{"loc":{"start":{"line":13,"column":59},"end":{"line":13,"column":75}},"type":"binary-expr","locations":[{"start":{"line":13,"column":59},"end":{"line":13,"column":69}},{"start":{"line":13,"column":73},"end":{"line":13,"column":75}}],"line":13},"9":{"loc":{"start":{"line":17,"column":11},"end":{"line":17,"column":null}},"type":"binary-expr","locations":[{"start":{"line":17,"column":11},"end":{"line":17,"column":26}},{"start":{"line":17,"column":30},"end":{"line":17,"column":null}}],"line":17},"10":{"loc":{"start":{"line":20,"column":12},"end":{"line":20,"column":21}},"type":"default-arg","locations":[{"start":{"line":20,"column":19},"end":{"line":20,"column":21}}],"line":20},"11":{"loc":{"start":{"line":20,"column":23},"end":{"line":20,"column":35}},"type":"default-arg","locations":[{"start":{"line":20,"column":33},"end":{"line":20,"column":35}}],"line":20},"12":{"loc":{"start":{"line":21,"column":4},"end":{"line":23,"column":null}},"type":"if","locations":[{"start":{"line":21,"column":4},"end":{"line":23,"column":null}},{"start":{},"end":{}}],"line":21},"13":{"loc":{"start":{"line":25,"column":4},"end":{"line":27,"column":null}},"type":"if","locations":[{"start":{"line":25,"column":4},"end":{"line":27,"column":null}},{"start":{},"end":{}}],"line":25},"14":{"loc":{"start":{"line":26,"column":69},"end":{"line":26,"column":109}},"type":"binary-expr","locations":[{"start":{"line":26,"column":69},"end":{"line":26,"column":90}},{"start":{"line":26,"column":94},"end":{"line":26,"column":109}}],"line":26},"15":{"loc":{"start":{"line":35,"column":16},"end":{"line":35,"column":36}},"type":"binary-expr","locations":[{"start":{"line":35,"column":16},"end":{"line":35,"column":30}},{"start":{"line":35,"column":34},"end":{"line":35,"column":36}}],"line":35},"16":{"loc":{"start":{"line":36,"column":16},"end":{"line":36,"column":null}},"type":"binary-expr","locations":[{"start":{"line":36,"column":16},"end":{"line":36,"column":30}},{"start":{"line":36,"column":34},"end":{"line":36,"column":null}}],"line":36},"17":{"loc":{"start":{"line":39,"column":23},"end":{"line":39,"column":null}},"type":"binary-expr","locations":[{"start":{"line":39,"column":23},"end":{"line":39,"column":37}},{"start":{"line":39,"column":41},"end":{"line":39,"column":null}}],"line":39},"18":{"loc":{"start":{"line":46,"column":23},"end":{"line":46,"column":null}},"type":"binary-expr","locations":[{"start":{"line":46,"column":23},"end":{"line":46,"column":51}},{"start":{"line":46,"column":55},"end":{"line":46,"column":null}}],"line":46}},"s":{"0":0,"1":0,"2":0,"3":0,"4":0,"5":0,"6":0,"7":0,"8":0,"9":0,"10":0,"11":0,"12":0,"13":0,"14":0,"15":0,"16":0,"17":0,"18":0,"19":0,"20":0,"21":0,"22":0,"23":0},"f":{"0":0,"1":0,"2":0,"3":0,"4":0,"5":0},"b":{"0":[0],"1":[0],"2":[0],"3":[0],"4":[0,0],"5":[0],"6":[0],"7":[0,0],"8":[0,0],"9":[0,0],"10":[0],"11":[0],"12":[0,0],"13":[0,0],"14":[0,0],"15":[0,0],"16":[0,0],"17":[0,0],"18":[0,0]},"meta":{"lastBranch":19,"lastFunction":6,"lastStatement":24,"seen":{"f:4:2:4:13":0,"b:4:100:4:102":0,"b:4:29:4:31":1,"b:4:44:4:48":2,"b:4:61:4:95":3,"b:4:61:4:89:4:93:4:95":4,"s:5:4:5:Infinity":0,"s:6:4:6:Infinity":1,"s:7:4:7:Infinity":2,"s:8:4:8:Infinity":3,"s:9:4:9:Infinity":4,"f:12:2:12:11":1,"b:12:34:12:36":5,"b:12:27:12:29":6,"b:13:4:13:Infinity:undefined:undefined:undefined:undefined":7,"s:13:4:13:Infinity":5,"s:13:34:13:Infinity":6,"b:13:59:13:69:13:73:13:75":8,"f:16:8:16:21":2,"s:17:4:17:Infinity":7,"b:17:11:17:26:17:30:17:Infinity":9,"f:20:8:20:11":3,"b:20:19:20:21":10,"b:20:33:20:35":11,"b:21:4:23:Infinity:undefined:undefined:undefined:undefined":12,"s:21:4:23:Infinity":8,"s:22:6:22:Infinity":9,"s:24:24:24:Infinity":10,"b:25:4:27:Infinity:undefined:undefined:undefined:undefined":13,"s:25:4:27:Infinity":11,"s:26:6:26:Infinity":12,"b:26:69:26:90:26:94:26:109":14,"s:28:19:28:Infinity":13,"s:29:4:41:Infinity":14,"s:30:21:30:Infinity":15,"s:31:6:31:Infinity":16,"s:32:6:37:Infinity":17,"b:35:16:35:30:35:34:35:36":15,"b:36:16:36:30:36:34:36:Infinity":16,"s:39:6:39:Infinity":18,"b:39:23:39:37:39:41:39:Infinity":17,"s:40:6:40:Infinity":19,"f:44:8:44:15":4,"s:45:19:45:Infinity":20,"s:46:4:46:Infinity":21,"b:46:23:46:51:46:55:46:Infinity":18,"s:47:4:47:Infinity":22,"f:50:2:50:8":5,"s:51:4:57:Infinity":23}}}
,"/Users/sorbet/Desktop/Dev/c-editor/Elephant/back/app/sync/rcloneArgs.js": {"path":"/Users/sorbet/Desktop/Dev/c-editor/Elephant/back/app/sync/rcloneArgs.js","statementMap":{"0":{"start":{"line":1,"column":35},"end":{"line":1,"column":null}},"1":{"start":{"line":3,"column":38},"end":{"line":21,"column":null}},"2":{"start":{"line":3,"column":44},"end":{"line":21,"column":null}},"3":{"start":{"line":23,"column":31},"end":{"line":38,"column":null}},"4":{"start":{"line":24,"column":15},"end":{"line":34,"column":null}},"5":{"start":{"line":35,"column":2},"end":{"line":35,"column":null}},"6":{"start":{"line":35,"column":19},"end":{"line":35,"column":null}},"7":{"start":{"line":36,"column":2},"end":{"line":36,"column":null}},"8":{"start":{"line":36,"column":14},"end":{"line":36,"column":null}},"9":{"start":{"line":37,"column":2},"end":{"line":37,"column":null}}},"fnMap":{"0":{"name":"(anonymous_0)","decl":{"start":{"line":3,"column":38},"end":{"line":3,"column":39}},"loc":{"start":{"line":3,"column":44},"end":{"line":21,"column":null}},"line":3},"1":{"name":"(anonymous_1)","decl":{"start":{"line":23,"column":31},"end":{"line":23,"column":32}},"loc":{"start":{"line":23,"column":100},"end":{"line":38,"column":null}},"line":23}},"branchMap":{"0":{"loc":{"start":{"line":23,"column":32},"end":{"line":23,"column":95}},"type":"default-arg","locations":[{"start":{"line":23,"column":93},"end":{"line":23,"column":95}}],"line":23},"1":{"loc":{"start":{"line":23,"column":57},"end":{"line":23,"column":70}},"type":"default-arg","locations":[{"start":{"line":23,"column":66},"end":{"line":23,"column":70}}],"line":23},"2":{"loc":{"start":{"line":23,"column":72},"end":{"line":23,"column":88}},"type":"default-arg","locations":[{"start":{"line":23,"column":86},"end":{"line":23,"column":88}}],"line":23},"3":{"loc":{"start":{"line":35,"column":2},"end":{"line":35,"column":null}},"type":"if","locations":[{"start":{"line":35,"column":2},"end":{"line":35,"column":null}},{"start":{},"end":{}}],"line":35},"4":{"loc":{"start":{"line":36,"column":2},"end":{"line":36,"column":null}},"type":"if","locations":[{"start":{"line":36,"column":2},"end":{"line":36,"column":null}},{"start":{},"end":{}}],"line":36}},"s":{"0":0,"1":0,"2":0,"3":0,"4":0,"5":0,"6":0,"7":0,"8":0,"9":0},"f":{"0":0,"1":0},"b":{"0":[0],"1":[0],"2":[0],"3":[0,0],"4":[0,0]},"meta":{"lastBranch":5,"lastFunction":2,"lastStatement":10,"seen":{"s:1:35:1:Infinity":0,"s:3:38:21:Infinity":1,"f:3:38:3:39":0,"s:3:44:21:Infinity":2,"s:23:31:38:Infinity":3,"f:23:31:23:32":1,"b:23:93:23:95":0,"b:23:66:23:70":1,"b:23:86:23:88":2,"s:24:15:34:Infinity":4,"b:35:2:35:Infinity:undefined:undefined:undefined:undefined":3,"s:35:2:35:Infinity":5,"s:35:19:35:Infinity":6,"b:36:2:36:Infinity:undefined:undefined:undefined:undefined":4,"s:36:2:36:Infinity":7,"s:36:14:36:Infinity":8,"s:37:2:37:Infinity":9}}}
,"/Users/sorbet/Desktop/Dev/c-editor/Elephant/back/app/sync/rcloneVaultEngine.js": {"path":"/Users/sorbet/Desktop/Dev/c-editor/Elephant/back/app/sync/rcloneVaultEngine.js","statementMap":{"0":{"start":{"line":7,"column":28},"end":{"line":7,"column":null}},"1":{"start":{"line":7,"column":34},"end":{"line":7,"column":null}},"2":{"start":{"line":8,"column":15},"end":{"line":8,"column":null}},"3":{"start":{"line":8,"column":21},"end":{"line":8,"column":null}},"4":{"start":{"line":9,"column":19},"end":{"line":9,"column":null}},"5":{"start":{"line":10,"column":20},"end":{"line":10,"column":null}},"6":{"start":{"line":11,"column":23},"end":{"line":11,"column":null}},"7":{"start":{"line":12,"column":31},"end":{"line":12,"column":null}},"8":{"start":{"line":14,"column":24},"end":{"line":22,"column":null}},"9":{"start":{"line":14,"column":63},"end":{"line":22,"column":1}},"10":{"start":{"line":26,"column":4},"end":{"line":26,"column":null}},"11":{"start":{"line":27,"column":4},"end":{"line":27,"column":null}},"12":{"start":{"line":28,"column":4},"end":{"line":28,"column":null}},"13":{"start":{"line":29,"column":4},"end":{"line":29,"column":null}},"14":{"start":{"line":30,"column":4},"end":{"line":30,"column":null}},"15":{"start":{"line":31,"column":4},"end":{"line":31,"column":null}},"16":{"start":{"line":32,"column":4},"end":{"line":32,"column":null}},"17":{"start":{"line":33,"column":4},"end":{"line":33,"column":null}},"18":{"start":{"line":34,"column":4},"end":{"line":34,"column":null}},"19":{"start":{"line":35,"column":4},"end":{"line":35,"column":null}},"20":{"start":{"line":39,"column":20},"end":{"line":39,"column":null}},"21":{"start":{"line":40,"column":4},"end":{"line":48,"column":null}},"22":{"start":{"line":41,"column":6},"end":{"line":41,"column":null}},"23":{"start":{"line":42,"column":6},"end":{"line":42,"column":null}},"24":{"start":{"line":43,"column":6},"end":{"line":43,"column":null}},"25":{"start":{"line":44,"column":6},"end":{"line":44,"column":null}},"26":{"start":{"line":45,"column":6},"end":{"line":45,"column":null}},"27":{"start":{"line":46,"column":6},"end":{"line":46,"column":null}},"28":{"start":{"line":47,"column":6},"end":{"line":47,"column":null}},"29":{"start":{"line":52,"column":4},"end":{"line":52,"column":null}},"30":{"start":{"line":56,"column":4},"end":{"line":56,"column":null}},"31":{"start":{"line":60,"column":4},"end":{"line":60,"column":null}},"32":{"start":{"line":64,"column":4},"end":{"line":64,"column":null}},"33":{"start":{"line":64,"column":19},"end":{"line":64,"column":null}},"34":{"start":{"line":65,"column":4},"end":{"line":65,"column":null}},"35":{"start":{"line":66,"column":4},"end":{"line":66,"column":null}},"36":{"start":{"line":67,"column":4},"end":{"line":67,"column":null}},"37":{"start":{"line":71,"column":4},"end":{"line":71,"column":null}},"38":{"start":{"line":71,"column":28},"end":{"line":71,"column":null}},"39":{"start":{"line":72,"column":4},"end":{"line":72,"column":null}},"40":{"start":{"line":76,"column":4},"end":{"line":76,"column":null}},"41":{"start":{"line":76,"column":19},"end":{"line":76,"column":null}},"42":{"start":{"line":77,"column":4},"end":{"line":77,"column":null}},"43":{"start":{"line":77,"column":57},"end":{"line":77,"column":null}},"44":{"start":{"line":78,"column":19},"end":{"line":78,"column":null}},"45":{"start":{"line":79,"column":4},"end":{"line":81,"column":null}},"46":{"start":{"line":80,"column":6},"end":{"line":80,"column":null}},"47":{"start":{"line":80,"column":62},"end":{"line":80,"column":64}},"48":{"start":{"line":82,"column":4},"end":{"line":82,"column":null}},"49":{"start":{"line":86,"column":4},"end":{"line":86,"column":null}},"50":{"start":{"line":86,"column":19},"end":{"line":86,"column":null}},"51":{"start":{"line":87,"column":19},"end":{"line":87,"column":null}},"52":{"start":{"line":88,"column":4},"end":{"line":88,"column":null}},"53":{"start":{"line":89,"column":4},"end":{"line":95,"column":null}},"54":{"start":{"line":96,"column":4},"end":{"line":96,"column":null}},"55":{"start":{"line":100,"column":17},"end":{"line":100,"column":null}},"56":{"start":{"line":101,"column":4},"end":{"line":101,"column":null}},"57":{"start":{"line":102,"column":4},"end":{"line":102,"column":null}},"58":{"start":{"line":106,"column":23},"end":{"line":108,"column":null}},"59":{"start":{"line":107,"column":6},"end":{"line":107,"column":null}},"60":{"start":{"line":109,"column":4},"end":{"line":112,"column":null}},"61":{"start":{"line":110,"column":6},"end":{"line":110,"column":null}},"62":{"start":{"line":110,"column":36},"end":{"line":110,"column":60}},"63":{"start":{"line":110,"column":63},"end":{"line":110,"column":null}},"64":{"start":{"line":111,"column":6},"end":{"line":111,"column":null}},"65":{"start":{"line":113,"column":4},"end":{"line":116,"column":null}},"66":{"start":{"line":113,"column":41},"end":{"line":116,"column":6}},"67":{"start":{"line":120,"column":4},"end":{"line":120,"column":null}},"68":{"start":{"line":124,"column":4},"end":{"line":141,"column":null}},"69":{"start":{"line":130,"column":42},"end":{"line":130,"column":66}},"70":{"start":{"line":145,"column":4},"end":{"line":145,"column":null}},"71":{"start":{"line":145,"column":22},"end":{"line":145,"column":null}},"72":{"start":{"line":146,"column":4},"end":{"line":146,"column":null}},"73":{"start":{"line":147,"column":4},"end":{"line":147,"column":null}},"74":{"start":{"line":148,"column":24},"end":{"line":148,"column":null}},"75":{"start":{"line":149,"column":32},"end":{"line":149,"column":null}},"76":{"start":{"line":149,"column":64},"end":{"line":149,"column":122}},"77":{"start":{"line":150,"column":4},"end":{"line":156,"column":null}},"78":{"start":{"line":151,"column":6},"end":{"line":151,"column":null}},"79":{"start":{"line":152,"column":11},"end":{"line":156,"column":null}},"80":{"start":{"line":153,"column":6},"end":{"line":153,"column":null}},"81":{"start":{"line":155,"column":6},"end":{"line":155,"column":null}},"82":{"start":{"line":157,"column":4},"end":{"line":157,"column":null}},"83":{"start":{"line":158,"column":4},"end":{"line":175,"column":null}},"84":{"start":{"line":159,"column":21},"end":{"line":159,"column":null}},"85":{"start":{"line":159,"column":50},"end":{"line":159,"column":75}},"86":{"start":{"line":160,"column":6},"end":{"line":164,"column":null}},"87":{"start":{"line":161,"column":8},"end":{"line":161,"column":null}},"88":{"start":{"line":161,"column":30},"end":{"line":161,"column":null}},"89":{"start":{"line":162,"column":8},"end":{"line":162,"column":null}},"90":{"start":{"line":163,"column":8},"end":{"line":163,"column":null}},"91":{"start":{"line":165,"column":6},"end":{"line":167,"column":null}},"92":{"start":{"line":166,"column":8},"end":{"line":166,"column":null}},"93":{"start":{"line":168,"column":6},"end":{"line":168,"column":null}},"94":{"start":{"line":169,"column":6},"end":{"line":169,"column":null}},"95":{"start":{"line":171,"column":6},"end":{"line":171,"column":null}},"96":{"start":{"line":172,"column":6},"end":{"line":172,"column":null}},"97":{"start":{"line":174,"column":6},"end":{"line":174,"column":null}},"98":{"start":{"line":179,"column":23},"end":{"line":186,"column":null}},"99":{"start":{"line":187,"column":27},"end":{"line":187,"column":null}},"100":{"start":{"line":187,"column":54},"end":{"line":187,"column":95}},"101":{"start":{"line":188,"column":4},"end":{"line":188,"column":null}},"102":{"start":{"line":188,"column":24},"end":{"line":188,"column":null}},"103":{"start":{"line":192,"column":4},"end":{"line":192,"column":null}},"104":{"start":{"line":193,"column":4},"end":{"line":193,"column":null}},"105":{"start":{"line":194,"column":4},"end":{"line":219,"column":null}},"106":{"start":{"line":195,"column":6},"end":{"line":208,"column":null}},"107":{"start":{"line":196,"column":8},"end":{"line":196,"column":null}},"108":{"start":{"line":196,"column":37},"end":{"line":196,"column":null}},"109":{"start":{"line":197,"column":8},"end":{"line":197,"column":null}},"110":{"start":{"line":198,"column":13},"end":{"line":208,"column":null}},"111":{"start":{"line":199,"column":8},"end":{"line":204,"column":null}},"112":{"start":{"line":200,"column":10},"end":{"line":200,"column":null}},"113":{"start":{"line":201,"column":10},"end":{"line":201,"column":null}},"114":{"start":{"line":202,"column":10},"end":{"line":202,"column":null}},"115":{"start":{"line":203,"column":10},"end":{"line":203,"column":null}},"116":{"start":{"line":205,"column":8},"end":{"line":205,"column":null}},"117":{"start":{"line":207,"column":8},"end":{"line":207,"column":null}},"118":{"start":{"line":209,"column":6},"end":{"line":209,"column":null}},"119":{"start":{"line":210,"column":6},"end":{"line":210,"column":null}},"120":{"start":{"line":211,"column":6},"end":{"line":211,"column":null}},"121":{"start":{"line":212,"column":6},"end":{"line":212,"column":null}},"122":{"start":{"line":214,"column":6},"end":{"line":214,"column":null}},"123":{"start":{"line":215,"column":6},"end":{"line":215,"column":null}},"124":{"start":{"line":216,"column":6},"end":{"line":216,"column":null}},"125":{"start":{"line":217,"column":6},"end":{"line":217,"column":null}},"126":{"start":{"line":218,"column":6},"end":{"line":218,"column":null}},"127":{"start":{"line":223,"column":4},"end":{"line":223,"column":null}},"128":{"start":{"line":224,"column":4},"end":{"line":224,"column":null}},"129":{"start":{"line":224,"column":19},"end":{"line":224,"column":null}},"130":{"start":{"line":225,"column":4},"end":{"line":228,"column":null}},"131":{"start":{"line":226,"column":6},"end":{"line":226,"column":null}},"132":{"start":{"line":227,"column":6},"end":{"line":227,"column":null}},"133":{"start":{"line":229,"column":4},"end":{"line":229,"column":null}},"134":{"start":{"line":230,"column":25},"end":{"line":230,"column":null}},"135":{"start":{"line":231,"column":4},"end":{"line":240,"column":null}},"136":{"start":{"line":232,"column":6},"end":{"line":232,"column":null}},"137":{"start":{"line":233,"column":6},"end":{"line":233,"column":null}},"138":{"start":{"line":234,"column":6},"end":{"line":234,"column":null}},"139":{"start":{"line":235,"column":6},"end":{"line":235,"column":null}},"140":{"start":{"line":236,"column":6},"end":{"line":236,"column":null}},"141":{"start":{"line":238,"column":6},"end":{"line":238,"column":null}},"142":{"start":{"line":239,"column":6},"end":{"line":239,"column":null}}},"fnMap":{"0":{"name":"(anonymous_0)","decl":{"start":{"line":7,"column":28},"end":{"line":7,"column":29}},"loc":{"start":{"line":7,"column":34},"end":{"line":7,"column":null}},"line":7},"1":{"name":"(anonymous_1)","decl":{"start":{"line":8,"column":15},"end":{"line":8,"column":16}},"loc":{"start":{"line":8,"column":21},"end":{"line":8,"column":null}},"line":8},"2":{"name":"(anonymous_2)","decl":{"start":{"line":14,"column":24},"end":{"line":14,"column":25}},"loc":{"start":{"line":14,"column":63},"end":{"line":22,"column":1}},"line":14},"3":{"name":"(anonymous_3)","decl":{"start":{"line":25,"column":2},"end":{"line":25,"column":13}},"loc":{"start":{"line":25,"column":65},"end":{"line":36,"column":null}},"line":25},"4":{"name":"(anonymous_4)","decl":{"start":{"line":38,"column":2},"end":{"line":38,"column":8}},"loc":{"start":{"line":38,"column":14},"end":{"line":49,"column":null}},"line":38},"5":{"name":"(anonymous_5)","decl":{"start":{"line":51,"column":2},"end":{"line":51,"column":12}},"loc":{"start":{"line":51,"column":15},"end":{"line":53,"column":null}},"line":51},"6":{"name":"(anonymous_6)","decl":{"start":{"line":55,"column":2},"end":{"line":55,"column":9}},"loc":{"start":{"line":55,"column":12},"end":{"line":57,"column":null}},"line":55},"7":{"name":"(anonymous_7)","decl":{"start":{"line":59,"column":2},"end":{"line":59,"column":13}},"loc":{"start":{"line":59,"column":16},"end":{"line":61,"column":null}},"line":59},"8":{"name":"(anonymous_8)","decl":{"start":{"line":63,"column":8},"end":{"line":63,"column":26}},"loc":{"start":{"line":63,"column":29},"end":{"line":68,"column":null}},"line":63},"9":{"name":"(anonymous_9)","decl":{"start":{"line":70,"column":2},"end":{"line":70,"column":13}},"loc":{"start":{"line":70,"column":27},"end":{"line":73,"column":null}},"line":70},"10":{"name":"(anonymous_10)","decl":{"start":{"line":75,"column":8},"end":{"line":75,"column":18}},"loc":{"start":{"line":75,"column":43},"end":{"line":83,"column":null}},"line":75},"11":{"name":"(anonymous_11)","decl":{"start":{"line":80,"column":55},"end":{"line":80,"column":56}},"loc":{"start":{"line":80,"column":62},"end":{"line":80,"column":64}},"line":80},"12":{"name":"(anonymous_12)","decl":{"start":{"line":85,"column":8},"end":{"line":85,"column":21}},"loc":{"start":{"line":85,"column":24},"end":{"line":97,"column":null}},"line":85},"13":{"name":"(anonymous_13)","decl":{"start":{"line":99,"column":2},"end":{"line":99,"column":9}},"loc":{"start":{"line":99,"column":21},"end":{"line":103,"column":null}},"line":99},"14":{"name":"(anonymous_14)","decl":{"start":{"line":105,"column":2},"end":{"line":105,"column":13}},"loc":{"start":{"line":105,"column":39},"end":{"line":117,"column":null}},"line":105},"15":{"name":"(anonymous_15)","decl":{"start":{"line":106,"column":68},"end":{"line":106,"column":69}},"loc":{"start":{"line":107,"column":6},"end":{"line":107,"column":null}},"line":107},"16":{"name":"(anonymous_16)","decl":{"start":{"line":110,"column":26},"end":{"line":110,"column":27}},"loc":{"start":{"line":110,"column":36},"end":{"line":110,"column":60}},"line":110},"17":{"name":"(anonymous_17)","decl":{"start":{"line":113,"column":26},"end":{"line":113,"column":27}},"loc":{"start":{"line":113,"column":41},"end":{"line":116,"column":6}},"line":113},"18":{"name":"(anonymous_18)","decl":{"start":{"line":119,"column":2},"end":{"line":119,"column":12}},"loc":{"start":{"line":119,"column":15},"end":{"line":121,"column":null}},"line":119},"19":{"name":"(anonymous_19)","decl":{"start":{"line":123,"column":2},"end":{"line":123,"column":8}},"loc":{"start":{"line":123,"column":11},"end":{"line":142,"column":null}},"line":123},"20":{"name":"(anonymous_20)","decl":{"start":{"line":130,"column":32},"end":{"line":130,"column":33}},"loc":{"start":{"line":130,"column":42},"end":{"line":130,"column":66}},"line":130},"21":{"name":"(anonymous_21)","decl":{"start":{"line":144,"column":8},"end":{"line":144,"column":11}},"loc":{"start":{"line":144,"column":26},"end":{"line":176,"column":null}},"line":144},"22":{"name":"(anonymous_22)","decl":{"start":{"line":149,"column":49},"end":{"line":149,"column":50}},"loc":{"start":{"line":149,"column":64},"end":{"line":149,"column":122}},"line":149},"23":{"name":"(anonymous_23)","decl":{"start":{"line":159,"column":39},"end":{"line":159,"column":40}},"loc":{"start":{"line":159,"column":50},"end":{"line":159,"column":75}},"line":159},"24":{"name":"(anonymous_24)","decl":{"start":{"line":178,"column":2},"end":{"line":178,"column":24}},"loc":{"start":{"line":178,"column":39},"end":{"line":189,"column":null}},"line":178},"25":{"name":"(anonymous_25)","decl":{"start":{"line":187,"column":43},"end":{"line":187,"column":44}},"loc":{"start":{"line":187,"column":54},"end":{"line":187,"column":95}},"line":187},"26":{"name":"(anonymous_26)","decl":{"start":{"line":191,"column":8},"end":{"line":191,"column":20}},"loc":{"start":{"line":191,"column":27},"end":{"line":220,"column":null}},"line":191},"27":{"name":"(anonymous_27)","decl":{"start":{"line":222,"column":8},"end":{"line":222,"column":12}},"loc":{"start":{"line":222,"column":52},"end":{"line":241,"column":null}},"line":222}},"branchMap":{"0":{"loc":{"start":{"line":14,"column":25},"end":{"line":14,"column":57}},"type":"default-arg","locations":[{"start":{"line":14,"column":55},"end":{"line":14,"column":57}}],"line":14},"1":{"loc":{"start":{"line":14,"column":38},"end":{"line":14,"column":50}},"type":"default-arg","locations":[{"start":{"line":14,"column":48},"end":{"line":14,"column":50}}],"line":14},"2":{"loc":{"start":{"line":16,"column":20},"end":{"line":16,"column":35}},"type":"binary-expr","locations":[{"start":{"line":16,"column":20},"end":{"line":16,"column":29}},{"start":{"line":16,"column":33},"end":{"line":16,"column":35}}],"line":16},"3":{"loc":{"start":{"line":17,"column":11},"end":{"line":17,"column":91}},"type":"cond-expr","locations":[{"start":{"line":17,"column":79},"end":{"line":17,"column":86}},{"start":{"line":17,"column":89},"end":{"line":17,"column":91}}],"line":17},"4":{"loc":{"start":{"line":17,"column":11},"end":{"line":17,"column":76}},"type":"binary-expr","locations":[{"start":{"line":17,"column":11},"end":{"line":17,"column":18}},{"start":{"line":17,"column":22},"end":{"line":17,"column":49}},{"start":{"line":17,"column":53},"end":{"line":17,"column":76}}],"line":17},"5":{"loc":{"start":{"line":25,"column":14},"end":{"line":25,"column":63}},"type":"default-arg","locations":[{"start":{"line":25,"column":61},"end":{"line":25,"column":63}}],"line":25},"6":{"loc":{"start":{"line":25,"column":16},"end":{"line":25,"column":24}},"type":"default-arg","locations":[{"start":{"line":25,"column":22},"end":{"line":25,"column":24}}],"line":25},"7":{"loc":{"start":{"line":25,"column":26},"end":{"line":25,"column":56}},"type":"default-arg","locations":[{"start":{"line":25,"column":35},"end":{"line":25,"column":56}}],"line":25},"8":{"loc":{"start":{"line":39,"column":20},"end":{"line":39,"column":null}},"type":"binary-expr","locations":[{"start":{"line":39,"column":20},"end":{"line":39,"column":23}},{"start":{"line":39,"column":27},"end":{"line":39,"column":null}}],"line":39},"9":{"loc":{"start":{"line":40,"column":4},"end":{"line":48,"column":null}},"type":"if","locations":[{"start":{"line":40,"column":4},"end":{"line":48,"column":null}},{"start":{},"end":{}}],"line":40},"10":{"loc":{"start":{"line":64,"column":4},"end":{"line":64,"column":null}},"type":"if","locations":[{"start":{"line":64,"column":4},"end":{"line":64,"column":null}},{"start":{},"end":{}}],"line":64},"11":{"loc":{"start":{"line":70,"column":14},"end":{"line":70,"column":25}},"type":"default-arg","locations":[{"start":{"line":70,"column":23},"end":{"line":70,"column":25}}],"line":70},"12":{"loc":{"start":{"line":71,"column":4},"end":{"line":71,"column":null}},"type":"if","locations":[{"start":{"line":71,"column":4},"end":{"line":71,"column":null}},{"start":{},"end":{}}],"line":71},"13":{"loc":{"start":{"line":75,"column":19},"end":{"line":75,"column":41}},"type":"default-arg","locations":[{"start":{"line":75,"column":39},"end":{"line":75,"column":41}}],"line":75},"14":{"loc":{"start":{"line":75,"column":21},"end":{"line":75,"column":34}},"type":"default-arg","locations":[{"start":{"line":75,"column":29},"end":{"line":75,"column":34}}],"line":75},"15":{"loc":{"start":{"line":76,"column":4},"end":{"line":76,"column":null}},"type":"if","locations":[{"start":{"line":76,"column":4},"end":{"line":76,"column":null}},{"start":{},"end":{}}],"line":76},"16":{"loc":{"start":{"line":77,"column":4},"end":{"line":77,"column":null}},"type":"if","locations":[{"start":{"line":77,"column":4},"end":{"line":77,"column":null}},{"start":{},"end":{}}],"line":77},"17":{"loc":{"start":{"line":77,"column":8},"end":{"line":77,"column":55}},"type":"binary-expr","locations":[{"start":{"line":77,"column":8},"end":{"line":77,"column":14}},{"start":{"line":77,"column":18},"end":{"line":77,"column":55}}],"line":77},"18":{"loc":{"start":{"line":79,"column":4},"end":{"line":81,"column":null}},"type":"if","locations":[{"start":{"line":79,"column":4},"end":{"line":81,"column":null}},{"start":{},"end":{}}],"line":79},"19":{"loc":{"start":{"line":86,"column":4},"end":{"line":86,"column":null}},"type":"if","locations":[{"start":{"line":86,"column":4},"end":{"line":86,"column":null}},{"start":{},"end":{}}],"line":86},"20":{"loc":{"start":{"line":105,"column":14},"end":{"line":105,"column":37}},"type":"default-arg","locations":[{"start":{"line":105,"column":35},"end":{"line":105,"column":37}}],"line":105},"21":{"loc":{"start":{"line":106,"column":35},"end":{"line":106,"column":59}},"type":"binary-expr","locations":[{"start":{"line":106,"column":35},"end":{"line":106,"column":53}},{"start":{"line":106,"column":57},"end":{"line":106,"column":59}}],"line":106},"22":{"loc":{"start":{"line":107,"column":6},"end":{"line":107,"column":null}},"type":"binary-expr","locations":[{"start":{"line":107,"column":6},"end":{"line":107,"column":40}},{"start":{"line":107,"column":44},"end":{"line":107,"column":null}}],"line":107},"23":{"loc":{"start":{"line":109,"column":4},"end":{"line":112,"column":null}},"type":"if","locations":[{"start":{"line":109,"column":4},"end":{"line":112,"column":null}},{"start":{},"end":{}}],"line":109},"24":{"loc":{"start":{"line":110,"column":6},"end":{"line":110,"column":null}},"type":"if","locations":[{"start":{"line":110,"column":6},"end":{"line":110,"column":null}},{"start":{},"end":{}}],"line":110},"25":{"loc":{"start":{"line":111,"column":13},"end":{"line":111,"column":null}},"type":"cond-expr","locations":[{"start":{"line":111,"column":31},"end":{"line":111,"column":85}},{"start":{"line":111,"column":88},"end":{"line":111,"column":null}}],"line":111},"26":{"loc":{"start":{"line":115,"column":15},"end":{"line":115,"column":null}},"type":"binary-expr","locations":[{"start":{"line":115,"column":15},"end":{"line":115,"column":46}},{"start":{"line":115,"column":50},"end":{"line":115,"column":null}}],"line":115},"27":{"loc":{"start":{"line":144,"column":12},"end":{"line":144,"column":24}},"type":"default-arg","locations":[{"start":{"line":144,"column":22},"end":{"line":144,"column":24}}],"line":144},"28":{"loc":{"start":{"line":145,"column":4},"end":{"line":145,"column":null}},"type":"if","locations":[{"start":{"line":145,"column":4},"end":{"line":145,"column":null}},{"start":{},"end":{}}],"line":145},"29":{"loc":{"start":{"line":148,"column":36},"end":{"line":148,"column":49}},"type":"binary-expr","locations":[{"start":{"line":148,"column":36},"end":{"line":148,"column":43}},{"start":{"line":148,"column":47},"end":{"line":148,"column":49}}],"line":148},"30":{"loc":{"start":{"line":149,"column":64},"end":{"line":149,"column":122}},"type":"binary-expr","locations":[{"start":{"line":149,"column":64},"end":{"line":149,"column":98}},{"start":{"line":149,"column":102},"end":{"line":149,"column":122}}],"line":149},"31":{"loc":{"start":{"line":150,"column":4},"end":{"line":156,"column":null}},"type":"if","locations":[{"start":{"line":150,"column":4},"end":{"line":156,"column":null}},{"start":{"line":152,"column":11},"end":{"line":156,"column":null}}],"line":150},"32":{"loc":{"start":{"line":152,"column":11},"end":{"line":156,"column":null}},"type":"if","locations":[{"start":{"line":152,"column":11},"end":{"line":156,"column":null}},{"start":{"line":154,"column":11},"end":{"line":156,"column":null}}],"line":152},"33":{"loc":{"start":{"line":160,"column":6},"end":{"line":164,"column":null}},"type":"if","locations":[{"start":{"line":160,"column":6},"end":{"line":164,"column":null}},{"start":{},"end":{}}],"line":160},"34":{"loc":{"start":{"line":161,"column":8},"end":{"line":161,"column":null}},"type":"if","locations":[{"start":{"line":161,"column":8},"end":{"line":161,"column":null}},{"start":{},"end":{}}],"line":161},"35":{"loc":{"start":{"line":171,"column":23},"end":{"line":171,"column":null}},"type":"binary-expr","locations":[{"start":{"line":171,"column":23},"end":{"line":171,"column":37}},{"start":{"line":171,"column":41},"end":{"line":171,"column":null}}],"line":171},"36":{"loc":{"start":{"line":178,"column":25},"end":{"line":178,"column":37}},"type":"default-arg","locations":[{"start":{"line":178,"column":35},"end":{"line":178,"column":37}}],"line":178},"37":{"loc":{"start":{"line":187,"column":54},"end":{"line":187,"column":95}},"type":"binary-expr","locations":[{"start":{"line":187,"column":54},"end":{"line":187,"column":79}},{"start":{"line":187,"column":83},"end":{"line":187,"column":95}}],"line":187},"38":{"loc":{"start":{"line":188,"column":4},"end":{"line":188,"column":null}},"type":"if","locations":[{"start":{"line":188,"column":4},"end":{"line":188,"column":null}},{"start":{},"end":{}}],"line":188},"39":{"loc":{"start":{"line":195,"column":6},"end":{"line":208,"column":null}},"type":"if","locations":[{"start":{"line":195,"column":6},"end":{"line":208,"column":null}},{"start":{"line":198,"column":13},"end":{"line":208,"column":null}}],"line":195},"40":{"loc":{"start":{"line":196,"column":8},"end":{"line":196,"column":null}},"type":"if","locations":[{"start":{"line":196,"column":8},"end":{"line":196,"column":null}},{"start":{},"end":{}}],"line":196},"41":{"loc":{"start":{"line":198,"column":13},"end":{"line":208,"column":null}},"type":"if","locations":[{"start":{"line":198,"column":13},"end":{"line":208,"column":null}},{"start":{"line":206,"column":13},"end":{"line":208,"column":null}}],"line":198},"42":{"loc":{"start":{"line":199,"column":8},"end":{"line":204,"column":null}},"type":"if","locations":[{"start":{"line":199,"column":8},"end":{"line":204,"column":null}},{"start":{},"end":{}}],"line":199},"43":{"loc":{"start":{"line":199,"column":12},"end":{"line":199,"column":56}},"type":"binary-expr","locations":[{"start":{"line":199,"column":12},"end":{"line":199,"column":28}},{"start":{"line":199,"column":32},"end":{"line":199,"column":56}}],"line":199},"44":{"loc":{"start":{"line":215,"column":19},"end":{"line":215,"column":null}},"type":"binary-expr","locations":[{"start":{"line":215,"column":19},"end":{"line":215,"column":33}},{"start":{"line":215,"column":37},"end":{"line":215,"column":null}}],"line":215},"45":{"loc":{"start":{"line":222,"column":13},"end":{"line":222,"column":50}},"type":"default-arg","locations":[{"start":{"line":222,"column":48},"end":{"line":222,"column":50}}],"line":222},"46":{"loc":{"start":{"line":222,"column":15},"end":{"line":222,"column":43}},"type":"default-arg","locations":[{"start":{"line":222,"column":28},"end":{"line":222,"column":43}}],"line":222},"47":{"loc":{"start":{"line":223,"column":29},"end":{"line":223,"column":64}},"type":"binary-expr","locations":[{"start":{"line":223,"column":29},"end":{"line":223,"column":39}},{"start":{"line":223,"column":43},"end":{"line":223,"column":58}},{"start":{"line":223,"column":62},"end":{"line":223,"column":64}}],"line":223},"48":{"loc":{"start":{"line":224,"column":4},"end":{"line":224,"column":null}},"type":"if","locations":[{"start":{"line":224,"column":4},"end":{"line":224,"column":null}},{"start":{},"end":{}}],"line":224},"49":{"loc":{"start":{"line":225,"column":4},"end":{"line":228,"column":null}},"type":"if","locations":[{"start":{"line":225,"column":4},"end":{"line":228,"column":null}},{"start":{},"end":{}}],"line":225},"50":{"loc":{"start":{"line":238,"column":23},"end":{"line":238,"column":null}},"type":"binary-expr","locations":[{"start":{"line":238,"column":23},"end":{"line":238,"column":37}},{"start":{"line":238,"column":41},"end":{"line":238,"column":null}}],"line":238}},"s":{"0":0,"1":0,"2":0,"3":0,"4":0,"5":0,"6":0,"7":0,"8":0,"9":0,"10":0,"11":0,"12":0,"13":0,"14":0,"15":0,"16":0,"17":0,"18":0,"19":0,"20":0,"21":0,"22":0,"23":0,"24":0,"25":0,"26":0,"27":0,"28":0,"29":0,"30":0,"31":0,"32":0,"33":0,"34":0,"35":0,"36":0,"37":0,"38":0,"39":0,"40":0,"41":0,"42":0,"43":0,"44":0,"45":0,"46":0,"47":0,"48":0,"49":0,"50":0,"51":0,"52":0,"53":0,"54":0,"55":0,"56":0,"57":0,"58":0,"59":0,"60":0,"61":0,"62":0,"63":0,"64":0,"65":0,"66":0,"67":0,"68":0,"69":0,"70":0,"71":0,"72":0,"73":0,"74":0,"75":0,"76":0,"77":0,"78":0,"79":0,"80":0,"81":0,"82":0,"83":0,"84":0,"85":0,"86":0,"87":0,"88":0,"89":0,"90":0,"91":0,"92":0,"93":0,"94":0,"95":0,"96":0,"97":0,"98":0,"99":0,"100":0,"101":0,"102":0,"103":0,"104":0,"105":0,"106":0,"107":0,"108":0,"109":0,"110":0,"111":0,"112":0,"113":0,"114":0,"115":0,"116":0,"117":0,"118":0,"119":0,"120":0,"121":0,"122":0,"123":0,"124":0,"125":0,"126":0,"127":0,"128":0,"129":0,"130":0,"131":0,"132":0,"133":0,"134":0,"135":0,"136":0,"137":0,"138":0,"139":0,"140":0,"141":0,"142":0},"f":{"0":0,"1":0,"2":0,"3":0,"4":0,"5":0,"6":0,"7":0,"8":0,"9":0,"10":0,"11":0,"12":0,"13":0,"14":0,"15":0,"16":0,"17":0,"18":0,"19":0,"20":0,"21":0,"22":0,"23":0,"24":0,"25":0,"26":0,"27":0},"b":{"0":[0],"1":[0],"2":[0,0],"3":[0,0],"4":[0,0,0],"5":[0],"6":[0],"7":[0],"8":[0,0],"9":[0,0],"10":[0,0],"11":[0],"12":[0,0],"13":[0],"14":[0],"15":[0,0],"16":[0,0],"17":[0,0],"18":[0,0],"19":[0,0],"20":[0],"21":[0,0],"22":[0,0],"23":[0,0],"24":[0,0],"25":[0,0],"26":[0,0],"27":[0],"28":[0,0],"29":[0,0],"30":[0,0],"31":[0,0],"32":[0,0],"33":[0,0],"34":[0,0],"35":[0,0],"36":[0],"37":[0,0],"38":[0,0],"39":[0,0],"40":[0,0],"41":[0,0],"42":[0,0],"43":[0,0],"44":[0,0],"45":[0],"46":[0],"47":[0,0,0],"48":[0,0],"49":[0,0],"50":[0,0]},"meta":{"lastBranch":51,"lastFunction":28,"lastStatement":143,"seen":{"s:7:28:7:Infinity":0,"f:7:28:7:29":0,"s:7:34:7:Infinity":1,"s:8:15:8:Infinity":2,"f:8:15:8:16":1,"s:8:21:8:Infinity":3,"s:9:19:9:Infinity":4,"s:10:20:10:Infinity":5,"s:11:23:11:Infinity":6,"s:12:31:12:Infinity":7,"s:14:24:22:Infinity":8,"f:14:24:14:25":2,"s:14:63:22:1":9,"b:14:55:14:57":0,"b:14:48:14:50":1,"b:16:20:16:29:16:33:16:35":2,"b:17:79:17:86:17:89:17:91":3,"b:17:11:17:18:17:22:17:49:17:53:17:76":4,"f:25:2:25:13":3,"b:25:61:25:63":5,"b:25:22:25:24":6,"b:25:35:25:56":7,"s:26:4:26:Infinity":10,"s:27:4:27:Infinity":11,"s:28:4:28:Infinity":12,"s:29:4:29:Infinity":13,"s:30:4:30:Infinity":14,"s:31:4:31:Infinity":15,"s:32:4:32:Infinity":16,"s:33:4:33:Infinity":17,"s:34:4:34:Infinity":18,"s:35:4:35:Infinity":19,"f:38:2:38:8":4,"s:39:20:39:Infinity":20,"b:39:20:39:23:39:27:39:Infinity":8,"b:40:4:48:Infinity:undefined:undefined:undefined:undefined":9,"s:40:4:48:Infinity":21,"s:41:6:41:Infinity":22,"s:42:6:42:Infinity":23,"s:43:6:43:Infinity":24,"s:44:6:44:Infinity":25,"s:45:6:45:Infinity":26,"s:46:6:46:Infinity":27,"s:47:6:47:Infinity":28,"f:51:2:51:12":5,"s:52:4:52:Infinity":29,"f:55:2:55:9":6,"s:56:4:56:Infinity":30,"f:59:2:59:13":7,"s:60:4:60:Infinity":31,"f:63:8:63:26":8,"b:64:4:64:Infinity:undefined:undefined:undefined:undefined":10,"s:64:4:64:Infinity":32,"s:64:19:64:Infinity":33,"s:65:4:65:Infinity":34,"s:66:4:66:Infinity":35,"s:67:4:67:Infinity":36,"f:70:2:70:13":9,"b:70:23:70:25":11,"b:71:4:71:Infinity:undefined:undefined:undefined:undefined":12,"s:71:4:71:Infinity":37,"s:71:28:71:Infinity":38,"s:72:4:72:Infinity":39,"f:75:8:75:18":10,"b:75:39:75:41":13,"b:75:29:75:34":14,"b:76:4:76:Infinity:undefined:undefined:undefined:undefined":15,"s:76:4:76:Infinity":40,"s:76:19:76:Infinity":41,"b:77:4:77:Infinity:undefined:undefined:undefined:undefined":16,"s:77:4:77:Infinity":42,"b:77:8:77:14:77:18:77:55":17,"s:77:57:77:Infinity":43,"s:78:19:78:Infinity":44,"b:79:4:81:Infinity:undefined:undefined:undefined:undefined":18,"s:79:4:81:Infinity":45,"s:80:6:80:Infinity":46,"f:80:55:80:56":11,"s:80:62:80:64":47,"s:82:4:82:Infinity":48,"f:85:8:85:21":12,"b:86:4:86:Infinity:undefined:undefined:undefined:undefined":19,"s:86:4:86:Infinity":49,"s:86:19:86:Infinity":50,"s:87:19:87:Infinity":51,"s:88:4:88:Infinity":52,"s:89:4:95:Infinity":53,"s:96:4:96:Infinity":54,"f:99:2:99:9":13,"s:100:17:100:Infinity":55,"s:101:4:101:Infinity":56,"s:102:4:102:Infinity":57,"f:105:2:105:13":14,"b:105:35:105:37":20,"s:106:23:108:Infinity":58,"b:106:35:106:53:106:57:106:59":21,"f:106:68:106:69":15,"s:107:6:107:Infinity":59,"b:107:6:107:40:107:44:107:Infinity":22,"b:109:4:112:Infinity:undefined:undefined:undefined:undefined":23,"s:109:4:112:Infinity":60,"b:110:6:110:Infinity:undefined:undefined:undefined:undefined":24,"s:110:6:110:Infinity":61,"f:110:26:110:27":16,"s:110:36:110:60":62,"s:110:63:110:Infinity":63,"s:111:6:111:Infinity":64,"b:111:31:111:85:111:88:111:Infinity":25,"s:113:4:116:Infinity":65,"f:113:26:113:27":17,"s:113:41:116:6":66,"b:115:15:115:46:115:50:115:Infinity":26,"f:119:2:119:12":18,"s:120:4:120:Infinity":67,"f:123:2:123:8":19,"s:124:4:141:Infinity":68,"f:130:32:130:33":20,"s:130:42:130:66":69,"f:144:8:144:11":21,"b:144:22:144:24":27,"b:145:4:145:Infinity:undefined:undefined:undefined:undefined":28,"s:145:4:145:Infinity":70,"s:145:22:145:Infinity":71,"s:146:4:146:Infinity":72,"s:147:4:147:Infinity":73,"s:148:24:148:Infinity":74,"b:148:36:148:43:148:47:148:49":29,"s:149:32:149:Infinity":75,"f:149:49:149:50":22,"s:149:64:149:122":76,"b:149:64:149:98:149:102:149:122":30,"b:150:4:156:Infinity:152:11:156:Infinity":31,"s:150:4:156:Infinity":77,"s:151:6:151:Infinity":78,"b:152:11:156:Infinity:154:11:156:Infinity":32,"s:152:11:156:Infinity":79,"s:153:6:153:Infinity":80,"s:155:6:155:Infinity":81,"s:157:4:157:Infinity":82,"s:158:4:175:Infinity":83,"s:159:21:159:Infinity":84,"f:159:39:159:40":23,"s:159:50:159:75":85,"b:160:6:164:Infinity:undefined:undefined:undefined:undefined":33,"s:160:6:164:Infinity":86,"b:161:8:161:Infinity:undefined:undefined:undefined:undefined":34,"s:161:8:161:Infinity":87,"s:161:30:161:Infinity":88,"s:162:8:162:Infinity":89,"s:163:8:163:Infinity":90,"s:165:6:167:Infinity":91,"s:166:8:166:Infinity":92,"s:168:6:168:Infinity":93,"s:169:6:169:Infinity":94,"s:171:6:171:Infinity":95,"b:171:23:171:37:171:41:171:Infinity":35,"s:172:6:172:Infinity":96,"s:174:6:174:Infinity":97,"f:178:2:178:24":24,"b:178:35:178:37":36,"s:179:23:186:Infinity":98,"s:187:27:187:Infinity":99,"f:187:43:187:44":25,"s:187:54:187:95":100,"b:187:54:187:79:187:83:187:95":37,"b:188:4:188:Infinity:undefined:undefined:undefined:undefined":38,"s:188:4:188:Infinity":101,"s:188:24:188:Infinity":102,"f:191:8:191:20":26,"s:192:4:192:Infinity":103,"s:193:4:193:Infinity":104,"s:194:4:219:Infinity":105,"b:195:6:208:Infinity:198:13:208:Infinity":39,"s:195:6:208:Infinity":106,"b:196:8:196:Infinity:undefined:undefined:undefined:undefined":40,"s:196:8:196:Infinity":107,"s:196:37:196:Infinity":108,"s:197:8:197:Infinity":109,"b:198:13:208:Infinity:206:13:208:Infinity":41,"s:198:13:208:Infinity":110,"b:199:8:204:Infinity:undefined:undefined:undefined:undefined":42,"s:199:8:204:Infinity":111,"b:199:12:199:28:199:32:199:56":43,"s:200:10:200:Infinity":112,"s:201:10:201:Infinity":113,"s:202:10:202:Infinity":114,"s:203:10:203:Infinity":115,"s:205:8:205:Infinity":116,"s:207:8:207:Infinity":117,"s:209:6:209:Infinity":118,"s:210:6:210:Infinity":119,"s:211:6:211:Infinity":120,"s:212:6:212:Infinity":121,"s:214:6:214:Infinity":122,"s:215:6:215:Infinity":123,"b:215:19:215:33:215:37:215:Infinity":44,"s:216:6:216:Infinity":124,"s:217:6:217:Infinity":125,"s:218:6:218:Infinity":126,"f:222:8:222:12":27,"b:222:48:222:50":45,"b:222:28:222:43":46,"s:223:4:223:Infinity":127,"b:223:29:223:39:223:43:223:58:223:62:223:64":47,"b:224:4:224:Infinity:undefined:undefined:undefined:undefined":48,"s:224:4:224:Infinity":128,"s:224:19:224:Infinity":129,"b:225:4:228:Infinity:undefined:undefined:undefined:undefined":49,"s:225:4:228:Infinity":130,"s:226:6:226:Infinity":131,"s:227:6:227:Infinity":132,"s:229:4:229:Infinity":133,"s:230:25:230:Infinity":134,"s:231:4:240:Infinity":135,"s:232:6:232:Infinity":136,"s:233:6:233:Infinity":137,"s:234:6:234:Infinity":138,"s:235:6:235:Infinity":139,"s:236:6:236:Infinity":140,"s:238:6:238:Infinity":141,"b:238:23:238:37:238:41:238:Infinity":50,"s:239:6:239:Infinity":142}}}
}
